2025-05-09 12:17:00,452 - INFO - Начало парсинга с ID 313621 до 313720
2025-05-09 12:17:00,452 - INFO - Запрос вакансии ID: 313621
2025-05-09 12:17:01,740 - INFO - Вакансия 313621 сохранена. Website: None
2025-05-09 12:17:07,569 - INFO - Парсинг прерван пользователем
2025-05-09 12:17:07,569 - INFO - Ресурсы освобождены
2025-05-10 20:26:59,458 - INFO - Начало парсинга с ID 313622 до 313721
2025-05-10 20:26:59,458 - INFO - Запрос вакансии ID: 313622
2025-05-10 20:27:01,294 - ERROR - Ошибка при получении вакансии 313622: 404 Client Error: Not Found for url: https://ukrcrewing.com.ua/en/404
2025-05-10 20:27:01,295 - WARNING - Повторная попытка 1 для вакансии 313622
2025-05-10 20:27:06,296 - INFO - Запрос вакансии ID: 313622
2025-05-10 20:27:06,534 - ERROR - Ошибка при получении вакансии 313622: 404 Client Error: Not Found for url: https://ukrcrewing.com.ua/en/404
2025-05-10 20:27:06,534 - WARNING - Повторная попытка 2 для вакансии 313622
2025-05-10 20:27:08,751 - INFO - Парсинг прерван пользователем
2025-05-10 20:27:08,752 - INFO - Ресурсы освобождены
2025-05-11 10:27:06,526 - INFO - Инициализация базы данных...
2025-05-11 10:27:41,900 - INFO - Инициализация базы данных...
2025-05-11 10:30:04,695 - INFO - Инициализация базы данных...
2025-05-11 10:32:09,475 - INFO - Инициализация базы данных...
2025-05-11 10:32:09,478 - INFO - База данных успешно инициализирована
2025-05-11 10:32:09,478 - INFO - Начало парсинга с ID 313622 до 313721
2025-05-11 10:32:09,478 - INFO - Запрос вакансии ID: 313622
2025-05-11 10:32:09,900 - ERROR - Ошибка запроса для вакансии 313622: 404 Client Error: Not Found for url: https://ukrcrewing.com.ua/en/404
2025-05-11 10:32:09,900 - WARNING - Повторная попытка 1 для вакансии 313622
2025-05-11 10:32:15,901 - INFO - Запрос вакансии ID: 313622
2025-05-11 10:32:16,156 - ERROR - Ошибка запроса для вакансии 313622: 404 Client Error: Not Found for url: https://ukrcrewing.com.ua/404
2025-05-11 10:32:16,156 - WARNING - Повторная попытка 2 для вакансии 313622
2025-05-11 10:32:16,818 - INFO - Парсинг прерван пользователем
2025-05-11 10:32:16,819 - INFO - Ресурсы освобождены
2025-05-11 10:35:01,390 - INFO - Начало парсинга с ID 313797 до 313896
2025-05-11 10:35:01,391 - INFO - Запрос вакансии ID: 313797
2025-05-11 10:35:01,764 - ERROR - Ошибка при получении вакансии 313797: 404 Client Error: Not Found for url: https://ukrcrewing.com.ua/en/404
2025-05-11 10:35:01,765 - WARNING - Повторная попытка 1 для вакансии 313797
2025-05-11 10:35:07,768 - INFO - Запрос вакансии ID: 313797
2025-05-11 10:35:07,971 - ERROR - Ошибка при получении вакансии 313797: 404 Client Error: Not Found for url: https://ukrcrewing.com.ua/en/404
2025-05-11 10:35:07,971 - WARNING - Повторная попытка 2 для вакансии 313797
2025-05-11 10:35:19,973 - INFO - Запрос вакансии ID: 313797
2025-05-11 10:35:20,217 - ERROR - Ошибка при получении вакансии 313797: 404 Client Error: Not Found for url: https://ukrcrewing.com.ua/en/404
2025-05-11 10:35:20,217 - WARNING - Повторная попытка 3 для вакансии 313797
2025-05-11 10:35:38,221 - INFO - Запрос вакансии ID: 313797
2025-05-11 10:35:38,399 - ERROR - Ошибка при получении вакансии 313797: 404 Client Error: Not Found for url: https://ukrcrewing.com.ua/en/404
2025-05-11 10:35:44,402 - WARNING - Пропуск вакансии 313797 из-за ошибок
2025-05-11 10:35:44,402 - INFO - Запрос вакансии ID: 313798
2025-05-11 10:35:44,591 - ERROR - Ошибка при получении вакансии 313798: 404 Client Error: Not Found for url: https://ukrcrewing.com.ua/en/404
2025-05-11 10:35:44,591 - WARNING - Повторная попытка 1 для вакансии 313798
2025-05-11 10:35:50,596 - INFO - Запрос вакансии ID: 313798
2025-05-11 10:35:50,788 - ERROR - Ошибка при получении вакансии 313798: 404 Client Error: Not Found for url: https://ukrcrewing.com.ua/en/404
2025-05-11 10:35:50,788 - WARNING - Повторная попытка 2 для вакансии 313798
2025-05-11 10:36:02,793 - INFO - Запрос вакансии ID: 313798
2025-05-11 10:36:02,994 - ERROR - Ошибка при получении вакансии 313798: 404 Client Error: Not Found for url: https://ukrcrewing.com.ua/en/404
2025-05-11 10:36:02,995 - WARNING - Повторная попытка 3 для вакансии 313798
2025-05-11 10:36:16,983 - INFO - Парсинг прерван пользователем
2025-05-11 10:36:16,983 - INFO - Ресурсы освобождены
2025-05-11 10:36:23,000 - INFO - Начало парсинга с ID 313797 до 313896
2025-05-11 10:36:23,000 - INFO - Запрос вакансии ID: 313797
2025-05-11 10:36:23,298 - ERROR - Ошибка при получении вакансии 313797: 404 Client Error: Not Found for url: https://ukrcrewing.com.ua/en/404
2025-05-11 10:36:23,298 - WARNING - Повторная попытка 1 для вакансии 313797
2025-05-11 10:36:29,303 - INFO - Запрос вакансии ID: 313797
2025-05-11 10:36:29,524 - ERROR - Ошибка при получении вакансии 313797: 404 Client Error: Not Found for url: https://ukrcrewing.com.ua/en/404
2025-05-11 10:36:29,524 - WARNING - Повторная попытка 2 для вакансии 313797
2025-05-11 10:36:41,529 - INFO - Запрос вакансии ID: 313797
2025-05-11 10:36:42,403 - ERROR - Ошибка при получении вакансии 313797: 404 Client Error: Not Found for url: https://ukrcrewing.com.ua/en/404
2025-05-11 10:36:42,404 - WARNING - Повторная попытка 3 для вакансии 313797
2025-05-11 10:37:00,406 - INFO - Запрос вакансии ID: 313797
2025-05-11 10:37:01,251 - ERROR - Ошибка при получении вакансии 313797: 404 Client Error: Not Found for url: https://ukrcrewing.com.ua/en/404
2025-05-11 10:37:07,257 - WARNING - Пропуск вакансии 313797 из-за ошибок
2025-05-11 10:37:07,257 - INFO - Запрос вакансии ID: 313798
2025-05-11 10:37:07,447 - ERROR - Ошибка при получении вакансии 313798: 404 Client Error: Not Found for url: https://ukrcrewing.com.ua/en/404
2025-05-11 10:37:07,448 - WARNING - Повторная попытка 1 для вакансии 313798
2025-05-11 10:37:13,452 - INFO - Запрос вакансии ID: 313798
2025-05-11 10:37:14,308 - ERROR - Ошибка при получении вакансии 313798: 404 Client Error: Not Found for url: https://ukrcrewing.com.ua/en/404
2025-05-11 10:37:14,309 - WARNING - Повторная попытка 2 для вакансии 313798
2025-05-11 10:37:26,311 - INFO - Запрос вакансии ID: 313798
2025-05-11 10:37:27,305 - ERROR - Ошибка при получении вакансии 313798: 404 Client Error: Not Found for url: https://ukrcrewing.com.ua/en/404
2025-05-11 10:37:27,305 - WARNING - Повторная попытка 3 для вакансии 313798
2025-05-11 10:37:45,309 - INFO - Запрос вакансии ID: 313798
2025-05-11 10:37:45,639 - ERROR - Ошибка при получении вакансии 313798: 404 Client Error: Not Found for url: https://ukrcrewing.com.ua/en/404
2025-05-11 10:37:51,644 - WARNING - Пропуск вакансии 313798 из-за ошибок
2025-05-11 10:37:51,645 - INFO - Запрос вакансии ID: 313799
2025-05-11 10:37:51,831 - ERROR - Ошибка при получении вакансии 313799: 404 Client Error: Not Found for url: https://ukrcrewing.com.ua/en/404
2025-05-11 10:37:51,831 - WARNING - Повторная попытка 1 для вакансии 313799
2025-05-11 10:37:57,837 - INFO - Запрос вакансии ID: 313799
2025-05-11 10:37:58,030 - ERROR - Ошибка при получении вакансии 313799: 404 Client Error: Not Found for url: https://ukrcrewing.com.ua/en/404
2025-05-11 10:37:58,031 - WARNING - Повторная попытка 2 для вакансии 313799
2025-05-11 10:38:10,032 - INFO - Запрос вакансии ID: 313799
2025-05-11 10:38:10,235 - ERROR - Ошибка при получении вакансии 313799: 404 Client Error: Not Found for url: https://ukrcrewing.com.ua/en/404
2025-05-11 10:38:10,235 - WARNING - Повторная попытка 3 для вакансии 313799
2025-05-11 10:38:28,237 - INFO - Запрос вакансии ID: 313799
2025-05-11 10:38:28,616 - ERROR - Ошибка при получении вакансии 313799: 404 Client Error: Not Found for url: https://ukrcrewing.com.ua/en/404
2025-05-11 10:38:34,619 - WARNING - Пропуск вакансии 313799 из-за ошибок
2025-05-11 10:38:34,619 - INFO - Запрос вакансии ID: 313800
2025-05-11 10:38:35,736 - ERROR - Ошибка при получении вакансии 313800: 404 Client Error: Not Found for url: https://ukrcrewing.com.ua/en/404
2025-05-11 10:38:35,737 - WARNING - Повторная попытка 1 для вакансии 313800
2025-05-11 10:38:41,742 - INFO - Запрос вакансии ID: 313800
2025-05-11 10:38:41,961 - ERROR - Ошибка при получении вакансии 313800: 404 Client Error: Not Found for url: https://ukrcrewing.com.ua/en/404
2025-05-11 10:38:41,962 - WARNING - Повторная попытка 2 для вакансии 313800
2025-05-11 10:38:53,967 - INFO - Запрос вакансии ID: 313800
2025-05-11 10:38:54,206 - ERROR - Ошибка при получении вакансии 313800: 404 Client Error: Not Found for url: https://ukrcrewing.com.ua/en/404
2025-05-11 10:38:54,207 - WARNING - Повторная попытка 3 для вакансии 313800
2025-05-11 10:39:12,212 - INFO - Запрос вакансии ID: 313800
2025-05-11 10:39:12,404 - ERROR - Ошибка при получении вакансии 313800: 404 Client Error: Not Found for url: https://ukrcrewing.com.ua/en/404
2025-05-11 10:39:18,409 - WARNING - Пропуск вакансии 313800 из-за ошибок
2025-05-11 10:39:18,410 - INFO - Запрос вакансии ID: 313801
2025-05-11 10:39:18,597 - ERROR - Ошибка при получении вакансии 313801: 404 Client Error: Not Found for url: https://ukrcrewing.com.ua/en/404
2025-05-11 10:39:18,598 - WARNING - Повторная попытка 1 для вакансии 313801
2025-05-11 10:39:24,600 - INFO - Запрос вакансии ID: 313801
2025-05-11 10:39:24,786 - ERROR - Ошибка при получении вакансии 313801: 404 Client Error: Not Found for url: https://ukrcrewing.com.ua/en/404
2025-05-11 10:39:24,787 - WARNING - Повторная попытка 2 для вакансии 313801
2025-05-11 10:39:36,792 - INFO - Запрос вакансии ID: 313801
2025-05-11 10:39:36,997 - ERROR - Ошибка при получении вакансии 313801: 404 Client Error: Not Found for url: https://ukrcrewing.com.ua/en/404
2025-05-11 10:39:36,997 - WARNING - Повторная попытка 3 для вакансии 313801
2025-05-11 10:39:54,999 - INFO - Запрос вакансии ID: 313801
2025-05-11 10:39:55,815 - ERROR - Ошибка при получении вакансии 313801: 404 Client Error: Not Found for url: https://ukrcrewing.com.ua/en/404
2025-05-11 10:40:01,818 - WARNING - Пропуск вакансии 313801 из-за ошибок
2025-05-11 10:40:01,818 - INFO - Запрос вакансии ID: 313802
2025-05-11 10:40:02,012 - ERROR - Ошибка при получении вакансии 313802: 404 Client Error: Not Found for url: https://ukrcrewing.com.ua/en/404
2025-05-11 10:40:02,013 - WARNING - Повторная попытка 1 для вакансии 313802
2025-05-11 10:40:08,017 - INFO - Запрос вакансии ID: 313802
2025-05-11 10:40:08,938 - ERROR - Ошибка при получении вакансии 313802: 404 Client Error: Not Found for url: https://ukrcrewing.com.ua/en/404
2025-05-11 10:40:08,938 - WARNING - Повторная попытка 2 для вакансии 313802
2025-05-11 10:40:20,939 - INFO - Запрос вакансии ID: 313802
2025-05-11 10:40:21,507 - ERROR - Ошибка при получении вакансии 313802: 404 Client Error: Not Found for url: https://ukrcrewing.com.ua/en/404
2025-05-11 10:40:21,508 - WARNING - Повторная попытка 3 для вакансии 313802
2025-05-11 10:40:39,511 - INFO - Запрос вакансии ID: 313802
2025-05-11 10:40:39,705 - ERROR - Ошибка при получении вакансии 313802: 404 Client Error: Not Found for url: https://ukrcrewing.com.ua/en/404
2025-05-11 10:40:45,711 - WARNING - Пропуск вакансии 313802 из-за ошибок
2025-05-11 10:40:45,711 - INFO - Запрос вакансии ID: 313803
2025-05-11 10:40:45,897 - ERROR - Ошибка при получении вакансии 313803: 404 Client Error: Not Found for url: https://ukrcrewing.com.ua/en/404
2025-05-11 10:40:45,898 - WARNING - Повторная попытка 1 для вакансии 313803
2025-05-11 10:40:51,902 - INFO - Запрос вакансии ID: 313803
2025-05-11 10:40:52,607 - ERROR - Ошибка при получении вакансии 313803: 404 Client Error: Not Found for url: https://ukrcrewing.com.ua/en/404
2025-05-11 10:40:52,607 - WARNING - Повторная попытка 2 для вакансии 313803
2025-05-11 10:41:04,612 - INFO - Запрос вакансии ID: 313803
2025-05-11 10:41:05,277 - ERROR - Ошибка при получении вакансии 313803: 404 Client Error: Not Found for url: https://ukrcrewing.com.ua/en/404
2025-05-11 10:41:05,278 - WARNING - Повторная попытка 3 для вакансии 313803
2025-05-11 10:41:23,283 - INFO - Запрос вакансии ID: 313803
2025-05-11 10:41:23,481 - ERROR - Ошибка при получении вакансии 313803: 404 Client Error: Not Found for url: https://ukrcrewing.com.ua/en/404
2025-05-11 10:41:29,485 - WARNING - Пропуск вакансии 313803 из-за ошибок
2025-05-11 10:41:29,485 - INFO - Запрос вакансии ID: 313804
2025-05-11 10:41:29,689 - ERROR - Ошибка при получении вакансии 313804: 404 Client Error: Not Found for url: https://ukrcrewing.com.ua/en/404
2025-05-11 10:41:29,690 - WARNING - Повторная попытка 1 для вакансии 313804
2025-05-11 10:41:34,731 - INFO - Парсинг прерван пользователем
2025-05-11 10:41:34,732 - INFO - Ресурсы освобождены
2025-05-11 12:16:54,176 - INFO - Начало парсинга с ID 313822 до 313921
2025-05-11 12:16:54,177 - INFO - Запрос вакансии ID: 313822
2025-05-11 12:16:54,487 - ERROR - Ошибка при получении вакансии 313822: 404 Client Error: Not Found for url: https://ukrcrewing.com.ua/en/404
2025-05-11 12:16:54,487 - WARNING - Повторная попытка 1 для вакансии 313822
2025-05-11 12:16:59,002 - INFO - Парсинг прерван пользователем
2025-05-11 12:16:59,002 - INFO - Ресурсы освобождены
2025-05-12 10:48:03,294 - INFO - Начало парсинга с ID 313801 до 313900
2025-05-12 10:48:03,294 - INFO - Запрос вакансии ID: 313801
2025-05-12 10:48:03,608 - INFO - Вакансия 313801 сохранена. Website: None
2025-05-12 10:48:03,719 - INFO - Парсинг прерван пользователем
2025-05-12 10:48:03,719 - INFO - Ресурсы освобождены
2025-05-12 14:28:02,471 - INFO - Начало парсинга с ID 313832 до 313931
2025-05-12 14:28:02,471 - INFO - Запрос вакансии ID: 313832
2025-05-12 14:28:02,770 - INFO - Вакансия 313832 сохранена. Company ID: 496
2025-05-12 14:28:06,773 - INFO - Запрос вакансии ID: 313833
2025-05-12 14:28:07,128 - INFO - Вакансия 313833 сохранена. Company ID: 496
2025-05-12 14:28:11,135 - INFO - Запрос вакансии ID: 313834
2025-05-12 14:28:11,344 - INFO - Вакансия 313834 сохранена. Company ID: 496
2025-05-12 14:28:12,615 - INFO - Парсинг прерван пользователем
2025-05-12 14:28:12,616 - INFO - Ресурсы освобождены
2025-05-13 06:38:28,937 - INFO - Начало парсинга с ID 313929 до 314028
2025-05-13 06:38:28,937 - INFO - Запрос вакансии ID: 313929
2025-05-13 06:38:29,785 - ERROR - Ошибка при получении вакансии 313929: 404 Client Error: Not Found for url: https://ukrcrewing.com.ua/en/404
2025-05-13 06:38:29,785 - WARNING - Повторная попытка 1 для вакансии 313929
2025-05-13 06:38:32,790 - INFO - Запрос вакансии ID: 313929
2025-05-13 06:38:33,432 - ERROR - Ошибка при получении вакансии 313929: 404 Client Error: Not Found for url: https://ukrcrewing.com.ua/en/404
2025-05-13 06:38:33,433 - WARNING - Повторная попытка 2 для вакансии 313929
2025-05-13 06:38:36,969 - INFO - Парсинг прерван пользователем
2025-05-13 06:38:36,970 - INFO - Ресурсы освобождены
2025-05-19 22:08:55,201 - INFO - Начало парсинга с ID 314682 до 314781
2025-05-19 22:08:55,201 - INFO - Запрос вакансии ID: 314682
2025-05-19 22:08:56,010 - INFO - Вакансия 314682 сохранена. Company ID: 524
2025-05-19 22:08:58,288 - INFO - Парсинг прерван пользователем
2025-05-19 22:08:58,289 - INFO - Ресурсы освобождены
2025-05-20 19:57:25,198 - INFO - Начало парсинга с ID 314825 до 314924
2025-05-20 19:57:25,199 - INFO - Запрос вакансии ID: 314825
2025-05-20 19:57:26,067 - ERROR - Ошибка при получении вакансии 314825: 404 Client Error: Not Found for url: https://ukrcrewing.com.ua/en/404
2025-05-20 19:57:26,067 - WARNING - Повторная попытка 1 для вакансии 314825
2025-05-20 19:57:27,923 - INFO - Парсинг прерван пользователем
2025-05-20 19:57:27,923 - INFO - Ресурсы освобождены
